"../../../../../../Unreal Projects/Campus3dMap/Content/Blueprint/BP_clickables.uasset" 0
"../../../../../../Unreal Projects/Campus3dMap/Content/Blueprint/BP_GameInstance.uasset" 1
"../../../../../../Unreal Projects/Campus3dMap/Content/Blueprint/BS_BuildingInfo.uasset" 2
"../../../../../../Unreal Projects/Campus3dMap/Content/Blueprint/CampusNavPlayerController.uasset" 3
"../../../../../../Unreal Projects/Campus3dMap/Content/Blueprint/CampusNavGameMode.uasset" 4
"../../../../../../Unreal Projects/Campus3dMap/Content/Blueprint/CB_ClickableComponent.uasset" 5
"../../../../../../Unreal Projects/Campus3dMap/Content/Blueprint/EBBUTTON.uasset" 6
"../../../../../../Unreal Projects/Campus3dMap/Content/Blueprint/ProjectHUD.uasset" 7
"../../../Engine/Content/Functions/Engine_MaterialFunctions01/Texturing/FlattenNormal.uasset" 8
"../../../../../../Unreal Projects/Campus3dMap/Content/Textures/FLOOR/T_ConcreteGround.uasset" 9
"../../../../../../Unreal Projects/Campus3dMap/Content/Textures/FLOOR/M_ConcreteGround.uasset" 10
"../../../../../../Unreal Projects/Campus3dMap/Content/Textures/FLOOR/T_AsphaltRoadSeamless.uasset" 11
"../../../../../../Unreal Projects/Campus3dMap/Content/Textures/FLOOR/T_RockStone.uasset" 12
"../../../../../../Unreal Projects/Campus3dMap/Content/Textures/FLOOR/T_WhiteTiles_0_9.uasset" 13
"../../../Engine/Content/EngineMaterials/BlendFunc_DefBase.uasset" 14
"../../../Engine/Content/EngineMaterials/BlendFunc_DefBlend.uasset" 15
"../../../Engine/Content/Functions/Engine_MaterialFunctions03/Blends/Blend_Overlay.uasset" 16
"../../../../../../Unreal Projects/Campus3dMap/Content/Textures/METALS/T_Doorknob.uasset" 17
"../../../../../../Unreal Projects/Campus3dMap/Content/Textures/METALS/M_Doorknob.uasset" 18
"../../../../../../Unreal Projects/Campus3dMap/Content/Textures/METALS/T_MetalSteel_0_01.uasset" 19
"../../../../../../Unreal Projects/Campus3dMap/Content/Textures/METALS/T_Rail_0_9.uasset" 20
"../../../../../../Unreal Projects/Campus3dMap/Content/Textures/ROOF/T_GreenRoof_0_9.uasset" 21
"../../../../../../Unreal Projects/Campus3dMap/Content/Textures/ROOF/M_GreenRoofMetallicLight_0_9.uasset" 22
"../../../../../../Unreal Projects/Campus3dMap/Content/Textures/ROOF/M_GreenRoofMetallic_0_9.uasset" 23
"../../../../../../Unreal Projects/Campus3dMap/Content/Textures/ROOF/M_GreenRoofPlain.uasset" 24
"../../../../../../Unreal Projects/Campus3dMap/Content/Textures/ROOF/T_BrownRoof_0_9.uasset" 25
"../../../../../../Unreal Projects/Campus3dMap/Content/Textures/ROOF/T_GreenRoof_0_10.uasset" 26
"../../../../../../Unreal Projects/Campus3dMap/Content/Textures/ROOF/T_GreenRoof_100.uasset" 27
"../../../../../../Unreal Projects/Campus3dMap/Content/Textures/WALLS/T_BlueRoughWall_0_9.uasset" 28
"../../../../../../Unreal Projects/Campus3dMap/Content/Textures/WALLS/M_BlueRoughWall_0_9.uasset" 29
"../../../../../../Unreal Projects/Campus3dMap/Content/Textures/WALLS/T_BlueBrick_1_70.uasset" 30
"../../../../../../Unreal Projects/Campus3dMap/Content/Textures/WALLS/T_BlueWall_0_8.uasset" 31
"../../../../../../Unreal Projects/Campus3dMap/Content/Textures/WALLS/T_CleanWhiteConcrete_0_2.uasset" 32
"../../../../../../Unreal Projects/Campus3dMap/Content/Textures/WALLS/T_CleanYellowConcrete_0_9.uasset" 33
"../../../../../../Unreal Projects/Campus3dMap/Content/Textures/WALLS/T_OutsideBrick.uasset" 34
"../../../../../../Unreal Projects/Campus3dMap/Content/Textures/WALLS/T_OutsideGreenTiles.uasset" 35
"../../../../../../Unreal Projects/Campus3dMap/Content/Textures/WALLS/T_PaleYellowConcrete_0_10.uasset" 36
"../../../../../../Unreal Projects/Campus3dMap/Content/Textures/WALLS/T_PaleYellowConcrete_0_9.uasset" 37
"../../../../../../Unreal Projects/Campus3dMap/Content/Textures/WALLS/T_RedBrick_1_70.uasset" 38
"../../../../../../Unreal Projects/Campus3dMap/Content/Textures/WALLS/T_RedWallConcrete_0_9.uasset" 39
"../../../../../../Unreal Projects/Campus3dMap/Content/Textures/WALLS/T_WhiteBrick_0_8.uasset" 40
"../../../../../../Unreal Projects/Campus3dMap/Content/Textures/WALLS/T_WhiteBrick_1_70.uasset" 41
"../../../../../../Unreal Projects/Campus3dMap/Content/Textures/WALLS/T_WhiteConcreteWall_0_2.uasset" 42
"../../../../../../Unreal Projects/Campus3dMap/Content/Textures/WALLS/T_WhiteConcreteWall_0_8.uasset" 43
"../../../../../../Unreal Projects/Campus3dMap/Content/Textures/WATER/T_ClearBlueWaterStream.uasset" 44
"../../../../../../Unreal Projects/Campus3dMap/Content/Textures/WATER/T_GrayWaterStream.uasset" 45
"../../../../../../Unreal Projects/Campus3dMap/Content/Textures/WINDOW/T_JalousiGlass.uasset" 46
"../../../../../../Unreal Projects/Campus3dMap/Content/Textures/WINDOW/M_JalousiGlass.uasset" 47
"../../../../../../Unreal Projects/Campus3dMap/Content/Textures/WINDOW/M_WindowBorder.uasset" 48
"../../../../../../Unreal Projects/Campus3dMap/Content/Textures/WINDOW/T_Glass_0_03.uasset" 49
"../../../../../../Unreal Projects/Campus3dMap/Content/Textures/WINDOW/T_WindowEdge_0_03.uasset" 50
"../../../../../../Unreal Projects/Campus3dMap/Content/Textures/WOOD/T_DarkFineWood.uasset" 51
"../../../../../../Unreal Projects/Campus3dMap/Content/Textures/WOOD/M_DarkFineWood.uasset" 52
"../../../../../../Unreal Projects/Campus3dMap/Content/Textures/WOOD/T_WhiteWood_0_3.uasset" 53
"../../../../../../Unreal Projects/Campus3dMap/Content/Textures/WOOD/T_Wood_0_03.uasset" 54
"../../../../../../Unreal Projects/Campus3dMap/Content/UserInterface/Fonts/Poppins-Black.uasset" 55
"../../../../../../Unreal Projects/Campus3dMap/Content/UserInterface/Fonts/Poppins-Black_Font.uasset" 56
"../../../../../../Unreal Projects/Campus3dMap/Content/UserInterface/Fonts/Poppins-Bold.uasset" 57
"../../../../../../Unreal Projects/Campus3dMap/Content/UserInterface/Fonts/Poppins-Bold_Font.uasset" 58
"../../../../../../Unreal Projects/Campus3dMap/Content/UserInterface/Fonts/Poppins-Italic.uasset" 59
"../../../../../../Unreal Projects/Campus3dMap/Content/UserInterface/Fonts/Poppins-Italic_Font.uasset" 60
"../../../../../../Unreal Projects/Campus3dMap/Content/UserInterface/Fonts/Roboto-Black.uasset" 61
"../../../../../../Unreal Projects/Campus3dMap/Content/UserInterface/Fonts/Roboto-Black_Font.uasset" 62
"../../../../../../Unreal Projects/Campus3dMap/Content/UserInterface/Fonts/Rubik-Regular.uasset" 63
"../../../../../../Unreal Projects/Campus3dMap/Content/UserInterface/Fonts/Rubik-Regular_Font.uasset" 64
"../../../../../../Unreal Projects/Campus3dMap/Content/UserInterface/Images/white_border.uasset" 65
"../../../../../../Unreal Projects/Campus3dMap/Content/UserInterface/Images/Icons/search.uasset" 66
"../../../../../../Unreal Projects/Campus3dMap/Content/UserInterface/Images/Icons/Search_bar.uasset" 67
"../../../../../../Unreal Projects/Campus3dMap/Content/UserInterface/Images/Icons/underline.uasset" 68
"../../../../../../Unreal Projects/Campus3dMap/Content/Widgets/WB_TextWBorder.uasset" 69
"../../../Engine/Content/Functions/Engine_MaterialFunctions01/Opacity/CameraDepthFade.uasset" 70
"../../../Engine/Content/EngineMaterials/T_Default_Material_Grid_M.uasset" 71
"../../../Engine/Content/EngineMaterials/T_Default_Material_Grid_N.uasset" 72
"../../../Engine/Content/EngineMaterials/WorldGridMaterial.uasset" 73
"../../../Engine/Content/ArtTools/RenderToTexture/Meshes/S_1_Unit_Plane.uasset" 74
"../../../Engine/Content/EngineMaterials/DefaultMaterial.uasset" 75
"../../../Engine/Content/BasicShapes/Cone.uasset" 76
"../../../Engine/Content/BasicShapes/Plane.uasset" 77
"../../../Engine/Content/EditorLandscapeResources/DataLayer.uasset" 78
"../../../Engine/Content/EditorLandscapeResources/DefaultAlphaTexture.uasset" 79
"../../../Engine/Content/EditorMaterials/MAT_Groups_Toggle.uasset" 80
"../../../Engine/Content/EditorMaterials/MAT_Groups_Visibility.uasset" 81
"../../../Engine/Content/EditorMaterials/PreviewShadowIndicator.uasset" 82
"../../../Engine/Content/EditorMaterials/PreviewShadowIndicatorMaterial.uasset" 83
"../../../Engine/Content/EditorMaterials/MatineeGroups/MAT_ColorTrack.uasset" 84
"../../../Engine/Content/EditorMaterials/MatineeGroups/MAT_Groups_Anim.uasset" 85
"../../../Engine/Content/EditorMaterials/MatineeGroups/MAT_Groups_AudioMaster.uasset" 86
"../../../Engine/Content/EditorMaterials/MatineeGroups/MAT_Groups_Director.uasset" 87
"../../../Engine/Content/EditorMaterials/MatineeGroups/MAT_Groups_Event.uasset" 88
"../../../Engine/Content/EditorMaterials/MatineeGroups/MAT_Groups_Fade.uasset" 89
"../../../Engine/Content/EditorMaterials/MatineeGroups/MAT_Groups_Float.uasset" 90
"../../../Engine/Content/EditorMaterials/MatineeGroups/MAT_Groups_Move.uasset" 91
"../../../Engine/Content/EditorMaterials/MatineeGroups/MAT_Groups_Slomo.uasset" 92
"../../../Engine/Content/EditorMaterials/MatineeGroups/MAT_Groups_Sound.uasset" 93
"../../../Engine/Content/EditorMaterials/MatineeGroups/MAT_Groups_Vector.uasset" 94
"../../../Engine/Content/EditorMaterials/ParticleSystems/PSysThumbnail_NoImage.uasset" 95
"../../../Engine/Content/EditorMaterials/ParticleSystems/PSysThumbnail_OOD.uasset" 96
"../../../Engine/Content/EditorMaterials/Camera/CineMat.uasset" 97
"../../../Engine/Content/EditorMaterials/Camera/MI_CineMat_Rig.uasset" 98
"../../../Engine/Content/EditorMeshes/Camera/SM_CraneRig_Arm.uasset" 99
"../../../Engine/Content/EditorMeshes/Camera/SM_CraneRig_Base.uasset" 100
"../../../Engine/Content/EditorMeshes/Camera/SM_CraneRig_Body.uasset" 101
"../../../Engine/Content/EditorMeshes/Camera/SM_CraneRig_Mount.uasset" 102
"../../../Engine/Content/EditorMeshes/Camera/SM_RailRig_Mount.uasset" 103
"../../../Engine/Content/EditorMeshes/Camera/SM_RailRig_Track.uasset" 104
"../../../Engine/Content/EditorResources/BSPVertex.uasset" 105
"../../../Engine/Content/EditorResources/EmptyActor.uasset" 106
"../../../Engine/Content/EditorResources/S_Actor.uasset" 107
"../../../Engine/Content/EditorResources/S_Note.uasset" 108
"../../../Engine/Content/EditorResources/S_Solver.uasset" 109
"../../../Engine/Content/EditorResources/S_Terrain.uasset" 110
"../../../Engine/Content/EditorResources/S_Trigger.uasset" 111
"../../../Engine/Content/EditorResources/LightIcons/S_LightError.uasset" 112
"../../../Engine/Content/EditorResources/SequenceRecorder/Countdown.uasset" 113
"../../../Engine/Content/EditorResources/SequenceRecorder/RecordingIndicator.uasset" 114
"../../../Engine/Content/EngineDamageTypes/DmgTypeBP_Environmental.uasset" 115
"../../../Engine/Content/EngineDebugMaterials/DebugEditorMaterial.uasset" 116
"../../../Engine/Content/EngineDebugMaterials/DebugMeshMaterial.uasset" 117
"../../../Engine/Content/EngineDebugMaterials/M_SimpleUnlitTranslucent.uasset" 118
"../../../Engine/Content/EngineDebugMaterials/VolumeToRender.uasset" 119
"../../../Engine/Content/Functions/Engine_MaterialFunctions02/Utility/CameraDirectionVector.uasset" 120
"../../../Engine/Content/EngineDebugMaterials/M_VolumeRenderSphereTracePP.uasset" 121
"../../../Engine/Content/Functions/Engine_MaterialFunctions01/Shading/ConvertFromDiffSpec.uasset" 122
"../../../Engine/Content/EngineDebugMaterials/VertexColorMaterial.uasset" 123
"../../../Engine/Content/EngineDebugMaterials/WireframeMaterial.uasset" 124
"../../../Engine/Content/EngineFonts/Faces/RobotoRegular.uasset" 125
"../../../Engine/Content/EngineFonts/Faces/RobotoLight.uasset" 126
"../../../Engine/Content/EngineFonts/Faces/RobotoItalic.uasset" 127
"../../../Engine/Content/EngineFonts/Faces/RobotoBoldItalic.uasset" 128
"../../../Engine/Content/EngineFonts/Faces/RobotoBold.uasset" 129
"../../../Engine/Content/EngineFonts/Faces/DroidSansFallback.uasset" 130
"../../../Engine/Content/EngineFonts/Roboto.uasset" 131
"../../../Engine/Content/EngineMaterials/BaseFlattenNormalMap.uasset" 132
"../../../Engine/Content/EngineMaterials/BaseFlattenGrayscaleMap.uasset" 133
"../../../Engine/Content/EngineMaterials/BaseFlattenEmissiveMap.uasset" 134
"../../../Engine/Content/EngineMaterials/BaseFlattenDiffuseMap.uasset" 135
"../../../Engine/Content/EngineMaterials/BaseFlattenMaterial.uasset" 136
"../../../Engine/Content/EngineMaterials/BlueNoise.uasset" 137
"../../../Engine/Content/EngineMaterials/DefaultBloomKernel.uasset" 138
"../../../Engine/Content/EngineMaterials/DefaultBokeh.uasset" 139
"../../../Engine/Content/EngineMaterials/DefaultDiffuse.uasset" 140
"../../../Engine/Content/EngineMaterials/DefaultDeferredDecalMaterial.uasset" 141
"../../../Engine/Content/EngineMaterials/DefaultLightFunctionMaterial.uasset" 142
"../../../Engine/Content/Functions/Engine_MaterialFunctions02/Utility/BreakOutFloat2Components.uasset" 143
"../../../Engine/Content/EngineMaterials/DefaultPostProcessMaterial.uasset" 144
"../../../Engine/Content/EngineFonts/RobotoDistanceField.uasset" 145
"../../../Engine/Content/EngineMaterials/DefaultTextMaterialOpaque.uasset" 146
"../../../Engine/Content/EngineMaterials/DefaultWhiteGrid.uasset" 147
"../../../Engine/Content/EngineMaterials/DefaultWhiteGrid_Low.uasset" 148
"../../../Engine/Content/EngineMaterials/EmissiveMeshMaterial.uasset" 149
"../../../Engine/Content/EngineMaterials/GizmoMaterial.uasset" 150
"../../../Engine/Content/EngineMaterials/Good64x64TilingNoiseHighFreq.uasset" 151
"../../../Engine/Content/EngineMaterials/MiniFont.uasset" 152
"../../../Engine/Content/EngineMaterials/InvalidLightmapSettings.uasset" 153
"../../../Engine/Content/EngineMaterials/M_InvalidLightmapSettings.uasset" 154
"../../../Engine/Content/Functions/Engine_MaterialFunctions02/WorldPositionOffset/CameraOffset.uasset" 155
"../../../Engine/Content/EngineMaterials/PhAT_JointLimitMaterial.uasset" 156
"../../../Engine/Content/EngineMaterials/PreintegratedSkinBRDF.uasset" 157
"../../../Engine/Content/EngineMaterials/RemoveSurfaceMaterial.uasset" 158
"../../../Engine/Content/EngineMaterials/WeightMapPlaceholderTexture.uasset" 159
"../../../Engine/Content/EngineResources/WhiteSquareTexture.uasset" 160
"../../../Engine/Content/EngineMaterials/Widget3DPassThrough.uasset" 161
"../../../Engine/Content/EngineMaterials/Widget3DPassThrough_Masked.uasset" 162
"../../../Engine/Content/EngineMaterials/Widget3DPassThrough_Opaque.uasset" 163
"../../../Engine/Content/EngineMaterials/Widget3DPassThrough_Masked_OneSided.uasset" 164
"../../../Engine/Content/EngineMaterials/Widget3DPassThrough_Opaque_OneSided.uasset" 165
"../../../Engine/Content/EngineMaterials/Widget3DPassThrough_Translucent.uasset" 166
"../../../Engine/Content/EngineMaterials/Widget3DPassThrough_Translucent_OneSided.uasset" 167
"../../../Engine/Content/EngineMeshes/Cylinder.uasset" 168
"../../../Engine/Content/EngineMeshes/Sphere.uasset" 169
"../../../Engine/Content/EngineResources/Black.uasset" 170
"../../../Engine/Content/EngineResources/DefaultTextureCube.uasset" 171
"../../../Engine/Content/EngineResources/DefaultVolumeTexture2D.uasset" 172
"../../../Engine/Content/EngineResources/DefaultVolumeTexture.uasset" 173
"../../../Engine/Content/EngineResources/GradientTexture0.uasset" 174
"../../../Engine/Content/EngineSky/VolumetricClouds/T_NoiseShape64.uasset" 175
"../../../Engine/Content/EngineSky/VolumetricClouds/T_VolumeNoiseShape64.uasset" 176
"../../../Engine/Content/EngineSky/VolumetricClouds/T_NoiseErosion.uasset" 177
"../../../Engine/Content/EngineSky/VolumetricClouds/T_VolumeNoiseErosion32.uasset" 178
"../../../Engine/Content/EngineSky/VolumetricClouds/CloudWeatherTexture.uasset" 179
"../../../Engine/Content/EngineSky/VolumetricClouds/CloudGradientTexture.uasset" 180
"../../../Engine/Content/Functions/Engine_MaterialFunctions02/Utility/MakeFloat2.uasset" 181
"../../../Engine/Content/EngineSky/VolumetricClouds/m_SimpleVolumetricCloud.uasset" 182
"../../../Engine/Content/EngineSky/VolumetricClouds/m_SimpleVolumetricCloud_Inst.uasset" 183
"../../../Engine/Content/EngineSounds/Master.uasset" 184
"../../../Engine/Content/Functions/Engine_MaterialFunctions01/Shading/PowerToRoughness.uasset" 185
"../../../Engine/Content/Maps/Templates/Thumbnails/Default.uasset" 186
"../../../Engine/Content/Maps/Templates/Thumbnails/TimeOfDay.uasset" 187
"../../../Engine/Content/Maps/Templates/Thumbnails/VR-Basic.uasset" 188
"../../../Engine/Content/MobileResources/T_MobileControls_texture.uasset" 189
"../../../Engine/Content/MobileResources/T_MobileMenu2.uasset" 190
"../../../Engine/Content/MobileResources/HUD/AnalogHat.uasset" 191
"../../../Engine/Content/MobileResources/HUD/VirtualJoystick_Thumb.uasset" 192
"../../../Engine/Content/MobileResources/HUD/VirtualJoystick_Background.uasset" 193
"../../../Engine/Content/MobileResources/HUD/DefaultVirtualJoysticks.uasset" 194
"../../../Engine/Content/MobileResources/HUD/LeftVirtualJoystickOnly.uasset" 195
"../../../Engine/Content/MobileResources/HUD/MobileHUDButton1_off.uasset" 196
"../../../Engine/Content/MobileResources/HUD/MobileHUDButton1_on.uasset" 197
"../../../Engine/Content/MobileResources/HUD/MobileHUDButton2_off.uasset" 198
"../../../Engine/Content/MobileResources/HUD/MobileHUDButton2_on.uasset" 199
"../../../Engine/Content/MobileResources/HUD/MobileHUDButton3.uasset" 200
"../../../Engine/Content/MobileResources/HUD/MobileHUDButtonFire.uasset" 201
"../../../Engine/Content/MobileResources/HUD/MobileHUDDirectionPad.uasset" 202
"../../../Engine/Content/MobileResources/HUD/MobileHUDDirectionPad2.uasset" 203
"../../../Engine/Content/MobileResources/HUD/MobileHUDDirectionPad3.uasset" 204
"../../../Engine/Content/MobileResources/HUD/MobileHUDDirectionStick.uasset" 205
"../../../Engine/Content/MobileResources/HUD/T_Castle_ThumbstickInner.uasset" 206
"../../../Engine/Content/MobileResources/HUD/T_Castle_ThumbstickOutter.uasset" 207
"../../../Engine/Content/Tutorial/ContentIntroCurve.uasset" 208
"../../../Engine/Content/Tutorial/Basics/LevelEditorAttract.uasset" 209
"../../../Engine/Content/Tutorial/Basics/TutorialAssets/icon_tab_Levels_40x.uasset" 210
"../../../Engine/Content/Tutorial/Basics/LevelEditorOverview.uasset" 211
"../../../Engine/Content/Tutorial/Installation/InstallingVisualStudioTutorial.uasset" 212
"../../../Engine/Content/Tutorial/Landscape/TutorialAssets/Landscape.uasset" 213
"../../../Engine/Content/Tutorial/Landscape/LandscapeWalkThrough.uasset" 214
"../../../Engine/Content/Tutorial/Landscape/Landscape_Manage_Mode.uasset" 215
"../../../Engine/Content/EditorBlueprintResources/StandardMacros.uasset" 216
"../../../Engine/Content/Tutorial/Landscape/Landscape_Painting_Mode.uasset" 217
"../../../Engine/Content/Tutorial/Landscape/Landscape_Sculpt_Mode.uasset" 218
"../../../Engine/Content/VREditor/TransformGizmo/TranslucentTransformGizmoMaterial.uasset" 219
"../../../Engine/Content/VREditor/LaserPointer/VR_LaserPower_01.uasset" 220
"../../../Engine/Content/VREditor/TransformGizmo/TransformGizmoMaterial.uasset" 221
"../../../Engine/Content/VREditor/TransformGizmo/BoundingBoxCorner.uasset" 222
"../../../Engine/Content/VREditor/TransformGizmo/BoundingBoxEdge.uasset" 223
"../../../Engine/Content/VREditor/TransformGizmo/PlaneTranslationHandle.uasset" 224
"../../../Engine/Content/VREditor/TransformGizmo/Xray.uasset" 225
"../../../Engine/Content/VREditor/TransformGizmo/Main.uasset" 226
"../../../Engine/Content/VREditor/TransformGizmo/SM_Sequencer_Key.uasset" 227
"../../../Engine/Content/VREditor/TransformGizmo/SM_Sequencer_Node.uasset" 228
"../../Plugins/2D/Paper2D/Content/PlaceholderTextures/DummySpriteTexture.uasset" 229
"../../Plugins/2D/Paper2D/Content/DummySprite.uasset" 230
"../../Plugins/2D/Paper2D/Content/DefaultPaperTerrainMaterial.uasset" 231
"../../Plugins/2D/Paper2D/Content/DefaultSpriteMaterial.uasset" 232
"../../Plugins/2D/Paper2D/Content/MaskedUnlitSpriteMaterial.uasset" 233
"../../Plugins/2D/Paper2D/Content/OpaqueUnlitSpriteMaterial.uasset" 234
"../../Plugins/Editor/SpeedTreeImporter/Content/SpeedTree9/SpeedTreeBillboard.uasset" 235
"../../Plugins/Editor/SpeedTreeImporter/Content/SpeedTree9/game_wind_noise.uasset" 236
"../../../Engine/Content/Functions/Engine_MaterialFunctions02/Utility/BreakOutFloat3Components.uasset" 237
"../../Plugins/Editor/SpeedTreeImporter/Content/SpeedTree9/UnpackInteger3.uasset" 238
"../../Plugins/Editor/SpeedTreeImporter/Content/SpeedTree9/UnpackDirection.uasset" 239
"../../../Engine/Content/Functions/Engine_MaterialFunctions02/SafeNormalize.uasset" 240
"../../Plugins/Editor/SpeedTreeImporter/Content/SpeedTree9/SpeedTreeWindMotion.uasset" 241
"../../Plugins/Editor/SpeedTreeImporter/Content/SpeedTree9/SpeedTreeBranchMotion.uasset" 242
"../../../Engine/Content/Functions/Engine_MaterialFunctions02/ObjectLocalBounds.uasset" 243
"../../../Engine/Content/Functions/Engine_MaterialFunctions02/UVs/BoundingBoxBased_0-1_UVW.uasset" 244
"../../Plugins/Editor/SpeedTreeImporter/Content/SpeedTree9/SpeedTreeWind.uasset" 245
"../../../Engine/Content/EngineResources/DefaultTexture.uasset" 246
"../../Plugins/Editor/SpeedTreeImporter/Content/SpeedTree9/SpeedTreeBillboardMaster.uasset" 247
"../../Plugins/Editor/SpeedTreeImporter/Content/SpeedTree9/SpeedTreeCameraFacing.uasset" 248
"../../Plugins/Editor/SpeedTreeImporter/Content/SpeedTree9/SpeedTreeMaster.uasset" 249
"../../../Engine/Content/ArtTools/RenderToTexture/Materials/Debug/M_Emissive_Color.uasset" 250
"../../../Engine/Content/BasicShapes/Cylinder.uasset" 251
"../../Plugins/Lumin/MagicLeapPassableWorld/Content/MagicLeapARPinInfoActor.uasset" 252
"../../Plugins/Runtime/WebBrowserWidget/Content/WebTexture_T.uasset" 253
"../../Plugins/Runtime/WebBrowserWidget/Content/WebTexture_M.uasset" 254
"../../Plugins/Runtime/WebBrowserWidget/Content/WebTexture_TM.uasset" 255
"../../../Engine/Content/Functions/Engine_MaterialFunctions02/Utility/BreakOutFloat4Components.uasset" 256
"../../../Engine/Content/Functions/Engine_MaterialFunctions02/Utility/MakeFloat3.uasset" 257
"../../Plugins/Runtime/Oculus/OculusVR/Content/Materials/OculusMR_ChromaKey.uasset" 258
"../../Plugins/Runtime/Oculus/OculusVR/Content/Materials/OculusMR_OpaqueColoredMaterial.uasset" 259
"../../Plugins/Runtime/Oculus/OculusVR/Content/Materials/PokeAHoleMaterial.uasset" 260
"../../../../../../Unreal Projects/Campus3dMap/Plugins/MysqlDBUnrealengine4.26-main/Content/Blueprints/Information/DatabaseInfo.uasset" 261
"../../../../../../Unreal Projects/Campus3dMap/Plugins/MysqlDBUnrealengine4.26-main/Content/Blueprints/Macros/SQLDatabaseMacros.uasset" 262
"../../../../../../Unreal Projects/Campus3dMap/Plugins/MysqlDBUnrealengine4.26-main/Content/Blueprints/SQL_TESTER.uasset" 263
"../../../../../../Unreal Projects/Campus3dMap/Plugins/MysqlDBUnrealengine4.26-main/Content/SQL_TESTER.uasset" 264
"../../../../../../Unreal Projects/Campus3dMap/Plugins/MysqlDBUnrealengine4.26-main/Content/Blueprints/Information/LevelServerInfo.uasset" 265
"../../../Engine/Content/Functions/Engine_MaterialFunctions01/Density/ExponentialDensity.uasset" 266
"../../../Engine/Content/Functions/Engine_MaterialFunctions01/Gradient/RadialGradientExponential.uasset" 267
"../../../../../../Unreal Projects/Campus3dMap/Content/Materials/UI_Materials/M_RoundedCorners.uasset" 268
"../../../../../../Unreal Projects/Campus3dMap/Content/Materials/UI_Materials/M_RoundedCorners_Inst.uasset" 269
"../../../../../../Unreal Projects/Campus3dMap/Content/UserInterface/Fonts/Roboto-Bold.uasset" 270
"../../../../../../Unreal Projects/Campus3dMap/Content/UserInterface/Fonts/Roboto-Bold_Font.uasset" 271
"../../../../../../Unreal Projects/Campus3dMap/Content/Widgets/WB_BaseButton.uasset" 272
"../../../../../../Unreal Projects/Campus3dMap/Content/UserInterface/Images/Icons/searchbar.uasset" 273
"../../../../../../Unreal Projects/Campus3dMap/Content/UserInterface/Fonts/Rubik-Bold.uasset" 274
"../../../../../../Unreal Projects/Campus3dMap/Content/UserInterface/Fonts/Rubik-Bold_Font.uasset" 275
"../../../../../../Unreal Projects/Campus3dMap/Content/UserInterface/Fonts/Roboto-Regular.uasset" 276
"../../../../../../Unreal Projects/Campus3dMap/Content/UserInterface/Fonts/Roboto-Regular_Font.uasset" 277
"../../../../../../Unreal Projects/Campus3dMap/Content/UserInterface/Fonts/Poppins-Regular.uasset" 278
"../../../../../../Unreal Projects/Campus3dMap/Content/UserInterface/Fonts/Poppins-Regular_Font.uasset" 279
"../../../../../../Unreal Projects/Campus3dMap/Content/Widgets/Pages/AboutUsPage.uasset" 280
"../../../../../../Unreal Projects/Campus3dMap/Content/Widgets/WB_WBgBtn.uasset" 281
"../../../../../../Unreal Projects/Campus3dMap/Content/Widgets/WB_DeptBtn.uasset" 282
"../../../../../../Unreal Projects/Campus3dMap/Content/Widgets/WB_BldgBtn.uasset" 283
"../../../../../../Unreal Projects/Campus3dMap/Content/DataAssets/S_BuildingInfo.uasset" 284
"../../../../../../Unreal Projects/Campus3dMap/Content/Widgets/WB_WebBrowser.uasset" 285
"../../../../../../Unreal Projects/Campus3dMap/Content/Widgets/WB_BldgInfo.uasset" 286
"../../../../../../Unreal Projects/Campus3dMap/Content/Blueprint/ProjectFunctiions.uasset" 287
"../../../../../../Unreal Projects/Campus3dMap/Content/Widgets/Pages/BuildingPage.uasset" 288
"../../../../../../Unreal Projects/Campus3dMap/Content/Widgets/Pages/HomePage.uasset" 289
"../../../Engine/Content/MapTemplates/SM_Template_Map_Floor.uasset" 290
"../../../Engine/Content/EngineSky/T_Sky_Stars.uasset" 291
"../../../Engine/Content/EngineSky/T_Sky_Clouds_M.uasset" 292
"../../../Engine/Content/EngineSky/T_Sky_Blue.uasset" 293
"../../../Engine/Content/EngineMaterials/DefaultPhysicalMaterial.uasset" 294
"../../../Engine/Content/BasicShapes/Sphere.uasset" 295
"../../../Engine/Content/BasicShapes/Cube.uasset" 296
"../../../Engine/Content/EngineSky/M_Sky_Panning_Clouds2.uasset" 297
"../../../Engine/Content/BasicShapes/BasicShapeMaterial.uasset" 298
"../../../../../../Unreal Projects/Campus3dMap/Content/Level/MainLevel_BuiltData.uasset" 299
"../../../Engine/Content/EngineSky/SM_SkySphere.uasset" 300
"../../../Engine/Content/EngineSky/C_Sky_Zenith_Color.uasset" 301
"../../../Engine/Content/EngineSky/C_Sky_Horizon_Color.uasset" 302
"../../../Engine/Content/EngineSky/C_Sky_Cloud_Color.uasset" 303
"../../../Engine/Content/EngineSky/BP_Sky_Sphere.uasset" 304
"../../../../../../Unreal Projects/Campus3dMap/Content/Materials/Buildings/bldgwallnoBump_001.uasset" 305
"../../../../../../Unreal Projects/Campus3dMap/Content/Materials/Buildings/alulod_001.uasset" 306
"../../../../../../Unreal Projects/Campus3dMap/Content/Materials/Buildings/Doorknob.uasset" 307
"../../../../../../Unreal Projects/Campus3dMap/Content/Materials/Buildings/Doorknob_001.uasset" 308
"../../../../../../Unreal Projects/Campus3dMap/Content/Materials/Buildings/FrontColor_001.uasset" 309
"../../../../../../Unreal Projects/Campus3dMap/Content/Materials/Buildings/GreenRoofMetallic2.uasset" 310
"../../../../../../Unreal Projects/Campus3dMap/Content/Materials/Buildings/GreenRoofMetallic2_001.uasset" 311
"../../../../../../Unreal Projects/Campus3dMap/Content/Materials/Buildings/jalousiwindow_ncl1_1.uasset" 312
"../../../../../../Unreal Projects/Campus3dMap/Content/Materials/Buildings/jalousiwindow.uasset" 313
"../../../../../../Unreal Projects/Campus3dMap/Content/Materials/Buildings/PaleYellowWall1.uasset" 314
"../../../../../../Unreal Projects/Campus3dMap/Content/Materials/Buildings/PaleYellowWall1_001.uasset" 315
"../../../../../../Unreal Projects/Campus3dMap/Content/Materials/Buildings/whitewallNoBump_001.uasset" 316
"../../../../../../Unreal Projects/Campus3dMap/Content/Materials/Buildings/WindowBorder_001.uasset" 317
"../../../../../../Unreal Projects/Campus3dMap/Content/Materials/Buildings/DarkFineWood.uasset" 318
"../../../../../../Unreal Projects/Campus3dMap/Content/Materials/Buildings/DarkFineWood_001.uasset" 319
"../../../../../../Unreal Projects/Campus3dMap/Content/Materials/Buildings/GuardHouseLeft.uasset" 320
"../../../../../../Unreal Projects/Campus3dMap/Content/DataAssets/DA_BuildingInfo.uasset" 321
"../../../../../../Unreal Projects/Campus3dMap/Content/DataAssets/GuardHouseLeftDA.uasset" 322
"../../../../../../Unreal Projects/Campus3dMap/Content/Materials/Buildings/concreteGround.uasset" 323
"../../../../../../Unreal Projects/Campus3dMap/Content/Materials/Buildings/concreteGround_001.uasset" 324
"../../../../../../Unreal Projects/Campus3dMap/Content/Materials/Buildings/FrontColor.uasset" 325
"../../../../../../Unreal Projects/Campus3dMap/Content/Materials/Buildings/GreenRoofMetallic.uasset" 326
"../../../../../../Unreal Projects/Campus3dMap/Content/Materials/Buildings/GreenRoofMetallic_001.uasset" 327
"../../../../../../Unreal Projects/Campus3dMap/Content/Materials/Buildings/GreenRoof_001.uasset" 328
"../../../../../../Unreal Projects/Campus3dMap/Content/Materials/Buildings/roughWall.uasset" 329
"../../../../../../Unreal Projects/Campus3dMap/Content/Materials/Buildings/roughWall_001.uasset" 330
"../../../../../../Unreal Projects/Campus3dMap/Content/Materials/Buildings/GuardHouseRight.uasset" 331
"../../../../../../Unreal Projects/Campus3dMap/Content/DataAssets/GuardHouseDA.uasset" 332
"../../../../../../Unreal Projects/Campus3dMap/Content/DataAssets/fsdfsdf.uasset" 333
"../../../../../../Unreal Projects/Campus3dMap/Content/BuildingModel.uasset" 334
"../../../../../../Unreal Projects/Campus3dMap/Content/Level/MainLevel.umap" 335
"../../../Engine/Content/Maps/Entry_BuiltData.uasset" 336
"../../../Engine/Content/Maps/Entry.umap" 337
"../../../Engine/Content/VREditor/BasicMeshes/T_CleanFloorGrunge_01_D.uasset" 338
"../../../Engine/Content/VREditor/BasicMeshes/M_Floor_01.uasset" 339
"../../../Engine/Content/VREditor/BasicMeshes/SM_Room_01.uasset" 340
"../../../Engine/Content/VREditor/BasicMeshes/MI_Pyramid_01.uasset" 341
"../../../Engine/Content/VREditor/BasicMeshes/SM_Pyramid_01.uasset" 342
"../../../Engine/Content/VREditor/BasicMeshes/MI_Cube_03.uasset" 343
"../../../Engine/Content/VREditor/BasicMeshes/SM_Cube_03.uasset" 344
"../../../Engine/Content/VREditor/BasicMeshes/MI_Cube_02.uasset" 345
"../../../Engine/Content/VREditor/BasicMeshes/SM_Cube_02.uasset" 346
"../../../Engine/Content/VREditor/BasicMeshes/MI_Cube_01.uasset" 347
"../../../Engine/Content/VREditor/BasicMeshes/SM_Cube_01.uasset" 348
"../../../Engine/Content/VREditor/BasicMeshes/MI_Ball_01.uasset" 349
"../../../Engine/Content/VREditor/BasicMeshes/SM_Ball_01.uasset" 350
"../../../../../../Unreal Projects/Campus3dMap/Plugins/MysqlDBUnrealengine4.26-main/Content/Levels/DemoRoom.umap" 351
